  0 : main : 
  1 : param .LC0
  2 : t0 = call printStr, 1
  3 : u = t0
  4 : t1 = & b
  5 : param t1
  6 : t2 = call readInt, 1
  7 : n1 = t2
  8 : param .LC1
  9 : t3 = call printStr, 1
 10 : u = t3
 11 : t4 = & b
 12 : param t4
 13 : t5 = call readInt, 1
 14 : n2 = t5
 15 : param .LC2
 16 : t6 = call printStr, 1
 17 : u = t6
 18 : param .LC3
 19 : t7 = call printStr, 1
 20 : u = t7
 21 : param .LC4
 22 : t8 = call printStr, 1
 23 : u = t8
 24 : param .LC5
 25 : t9 = call printStr, 1
 26 : u = t9
 27 : param .LC6
 28 : t10 = call printStr, 1
 29 : u = t10
 30 : param .LC7
 31 : t11 = call printStr, 1
 32 : u = t11
 33 : t12 = & b
 34 : param t12
 35 : t13 = call readInt, 1
 36 : choice = t13
 37 : t14 = 1
 38 : if choice == t14 goto 41
 39 : goto 44
 40 : goto 86
 41 : t15 = n1 + n2
 42 : res = t15
 43 : goto 86
 44 : t16 = 2
 45 : if choice == t16 goto 48
 46 : goto 51
 47 : goto 86
 48 : t17 = n1 - n2
 49 : res = t17
 50 : goto 86
 51 : t18 = 3
 52 : if choice == t18 goto 55
 53 : goto 58
 54 : goto 86
 55 : t19 = n1 * n2
 56 : res = t19
 57 : goto 86
 58 : t20 = 4
 59 : if choice == t20 goto 62
 60 : goto 65
 61 : goto 86
 62 : t21 = n1 / n2
 63 : res = t21
 64 : goto 86
 65 : t22 = 5
 66 : if choice == t22 goto 69
 67 : goto 72
 68 : goto 86
 69 : t23 = n1 % n2
 70 : res = t23
 71 : goto 86
 72 : t24 = 6
 73 : if choice == t24 goto 76
 74 : goto 79
 75 : goto 86
 76 : t25 = n1
 77 : res = t25
 78 : goto 86
 79 : t26 = 7
 80 : if choice == t26 goto 83
 81 : goto 86
 82 : goto 86
 83 : t27 = - n1
 84 : res = t27
 85 : goto 86
 86 : t28 = 1
 87 : t29 = - t28
 88 : if choice != t29 goto 91
 89 : goto 101
 90 : goto 101
 91 : param .LC8
 92 : t30 = call printStr, 1
 93 : u = t30
 94 : param res
 95 : t31 = call printInt, 1
 96 : u = t31
 97 : param .LC9
 98 : t32 = call printStr, 1
 99 : u = t32
100 : goto 101
101 : t33 = 1
102 : t34 = - t33
103 : if choice != t34 goto 30
104 : goto 106
105 : goto 106
106 : t35 = 0
107 : return t35
