  0 : main : 
  1 : param .LC0
  2 : t0 = call printStr, 1
  3 : u = t0
  4 : param .LC1
  5 : t1 = call printStr, 1
  6 : u = t1
  7 : t2 = & u
  8 : param t2
  9 : t3 = call readInt, 1
 10 : a = t3
 11 : param .LC2
 12 : t4 = call printStr, 1
 13 : u = t4
 14 : t5 = & u
 15 : param t5
 16 : t6 = call readInt, 1
 17 : b = t6
 18 : param .LC3
 19 : t7 = call printStr, 1
 20 : u = t7
 21 : t8 = a + b
 22 : c = t8
 23 : param c
 24 : t9 = call printInt, 1
 25 : u = t9
 26 : param .LC4
 27 : t10 = call printStr, 1
 28 : u = t10
 29 : t11 = a - b
 30 : c = t11
 31 : param c
 32 : t12 = call printInt, 1
 33 : u = t12
 34 : param .LC5
 35 : t13 = call printStr, 1
 36 : u = t13
 37 : t14 = a * b
 38 : c = t14
 39 : param c
 40 : t15 = call printInt, 1
 41 : u = t15
 42 : param .LC6
 43 : t16 = call printStr, 1
 44 : u = t16
 45 : t17 = a / b
 46 : c = t17
 47 : param c
 48 : t18 = call printInt, 1
 49 : u = t18
 50 : param .LC7
 51 : t19 = call printStr, 1
 52 : u = t19
 53 : t20 = a % b
 54 : c = t20
 55 : param c
 56 : t21 = call printInt, 1
 57 : u = t21
 58 : param .LC8
 59 : t22 = call printStr, 1
 60 : u = t22
 61 : param .LC9
 62 : t23 = call printStr, 1
 63 : u = t23
 64 : t24 = & f
 65 : param t24
 66 : t25 = call readFlt, 1
 67 : u = t25
 68 : param .LC10
 69 : t26 = call printStr, 1
 70 : u = t26
 71 : t27 = & g
 72 : param t27
 73 : t28 = call readFlt, 1
 74 : u = t28
 75 : param .LC11
 76 : t29 = call printStr, 1
 77 : u = t29
 78 : t30 = f + g
 79 : h = t30
 80 : param h
 81 : t31 = call printFlt, 1
 82 : u = t31
 83 : param .LC12
 84 : t32 = call printStr, 1
 85 : u = t32
 86 : t33 = f - g
 87 : h = t33
 88 : param h
 89 : t34 = call printFlt, 1
 90 : u = t34
 91 : param .LC13
 92 : t35 = call printStr, 1
 93 : u = t35
 94 : t36 = f * g
 95 : h = t36
 96 : param h
 97 : t37 = call printFlt, 1
 98 : u = t37
 99 : param .LC14
100 : t38 = call printStr, 1
101 : u = t38
102 : t39 = f / g
103 : h = t39
104 : param h
105 : t40 = call printFlt, 1
106 : u = t40
107 : t41 = 0
108 : return t41
