Global Symbol Table : 
t0	 int 		... 		4	0	... 	
t1	 int 		... 		4	4	... 	
sum	 function 		... 		0	8	arr 	
main	 function 		... 		0	8	retVal 	
t2	 int 		... 		4	8	... 	
t3	 int 		... 		4	12	... 	
sum Symbol table :  
arr	 Matrix(15, 10, double)		...		1200+8	0	... 	
n	 double 		... 		8	1200	... 	
retVal	 int 		... 		4	1208	... 	
t4	 int 		... 		4	1212	... 	
ans	 int 		0 		4	1216	... 	
i	 int 		... 		4	1220	... 	
t5	 int 		... 		4	1224	... 	
j	 int 		4 		4	1228	... 	
t6	 int 		... 		4	1232	... 	
t7	 int 		... 		4	1236	... 	
t8	 int 		... 		4	1240	... 	
t9	 int 		... 		4	1244	... 	
t10	 int 		... 		4	1248	... 	
t11	 int 		... 		4	1252	... 	
t12	 double 		... 		8	1256	... 	
t13	 int 		... 		4	1264	... 	
t14	 int 		... 		4	1268	... 	
t15	 int 		... 		4	1272	... 	
t16	 int 		... 		4	1276	... 	
t17	 double 		... 		8	1280	... 	
t18	 double 		... 		8	1288	... 	
t19	 double 		... 		8	1296	... 	
t20	 int 		... 		4	1304	... 	
t21	 int 		... 		4	1308	... 	
t22	 int 		... 		4	1312	... 	
t23	 int 		... 		4	1316	... 	
arr2	 Matrix(15, 10, double)		...		1200+8	1320	... 	
t24	 int 		... 		4	2528	... 	
t25	 int 		... 		4	2532	... 	
arr3	 Matrix(15, 10, double)		...		1200+8	2536	... 	
t26	 int 		... 		4	3744	... 	
t27	 int 		... 		4	3748	... 	
t28	 Matrix(15, 10, double)		...		1200+8	3752	... 	
arr4	 Matrix(15, 10, double)		...		1200+8	4960	... 	
t29	 int 		... 		4	6168	... 	
t30	 int 		... 		4	6172	... 	
arr5	 Matrix(10, 15, double)		...		1200+8	6176	... 	
t31	 int 		... 		4	7384	... 	
t32	 int 		... 		4	7388	... 	
t33	 Matrix(15, 15, double)		...		1800+8	7392	... 	
arr6	 Matrix(15, 15, double)		...		1800+8	9200	... 	
main Symbol table :  
retVal	 void 		... 		0	0	... 	
t34	 int 		... 		4	0	... 	
t35	 int 		... 		4	4	... 	
a	 Matrix(15, 10, double)		...		1200+8	8	... 	
t36	 int 		... 		4	1216	... 	
total	 int 		0 		4	1220	... 	
t37	 int 		... 		4	1224	... 	
x	 int 		0 		4	1228	... 	
t38	 int 		... 		4	1232	... 	
t39	 int 		... 		4	1236	... 	
t40	 int 		... 		4	1240	... 	
t41	 int 		... 		4	1244	... 	
t42	 double 		... 		8	1248	... 	
t43	 int 		... 		4	1256	... 	
t44	 int 		... 		4	1260	... 	
t45	 int 		... 		4	1264	... 	
t46	 int 		... 		4	1268	... 	
t47	 int 		... 		4	1272	... 	
t48	 Matrix(10, 15, double)		...		1200+8	1276	... 	
b	 Matrix(10, 15, double)		...		1200+8	2484	... 	
t49	 double 		... 		8	3692	... 	
t50	 int 		... 		4	3700	... 	
  0 : t0 = 15
  1 : t1 = 10
  2 : t2 = 15
  3 : t3 = 10
  4 : sum : 
  5 : t4 = 0
  6 : ans = t4
  7 : t5 = 4
  8 : j = t5
  9 : t6 = 0
 10 : i = t6
 11 : if i < n goto 17
 12 : goto 42
 13 : goto 42
 14 : t7 = i
 15 : i = i + 1
 16 : goto 11
 17 : t8 = 0
 18 : if j >= t8 goto 21
 19 : goto 14
 20 : goto 41
 21 : t9 = i * 8
 22 : t10 = j * 8
 23 : t11 = t9 + t10
 24 : t12 = arr[t11]
 25 : t13 = 0
 26 : if t12 > t13 goto 29
 27 : goto 38
 28 : goto 38
 29 : t14 = i * 8
 30 : t15 = j * 8
 31 : t16 = t14 + t15
 32 : t17 = arr[t16]
 33 : t18 = int2dbl(ans)
 34 : t19 = t18 + t17
 35 : t20 = dbl2int(t19)
 36 : ans = t20
 37 : goto 38
 38 : j = j - 1
 39 : t21 = j
 40 : goto 17
 41 : goto 14
 42 : t22 = 15
 43 : t23 = 10
 44 : t24 = 15
 45 : t25 = 10
 46 : t26 = 15
 47 : t27 = 10
 48 : t28 = arr + arr3
 49 : arr4 = t28
 50 : t29 = 10
 51 : t30 = 15
 52 : t31 = 15
 53 : t32 = 15
 54 : t33 = arr * arr5
 55 : arr6 = t33
 56 : return ans
 57 : main : 
 58 : t34 = 15
 59 : t35 = 10
 60 : t36 = 0
 61 : total = t36
 62 : t37 = 0
 63 : x = t37
 64 : t38 = 0
 65 : t39 = t38 * 8
 66 : t40 = x * 8
 67 : t41 = t39 + t40
 68 : t42 = a[t41]
 69 : t43 = dbl2int(t42)
 70 : a[t41] = t43
 71 : t44 = x
 72 : x = x + 1
 73 : t45 = 5
 74 : if x < t45 goto 64
 75 : goto 77
 76 : goto 77
 77 : t46 = 10
 78 : t47 = 15
 79 : t48 = a .' 
 80 : b = t48
 81 : t49 = 10.000000
 82 : param a
 83 : param t49
 84 : t50 = call sum, 2
 85 : total = t50
 86 : return
