Global Symbol Table : 
max	 function 		... 		0	0	x 	
main	 function 		... 		0	0	retVal 	
max Symbol table :  
x	 int 		... 		4	0	... 	
y	 int 		... 		4	4	... 	
retVal	 double 		... 		8	8	... 	
ans	 double 		... 		8	16	... 	
t0	 int 		... 		4	24	... 	
t1	 int 		... 		4	28	... 	
main Symbol table :  
retVal	 int 		... 		4	0	... 	
a	 int 		... 		4	4	... 	
b	 int 		... 		4	8	... 	
big	 int 		... 		4	12	... 	
t2	 int 		... 		4	16	... 	
t3	 int 		... 		4	20	... 	
t4	 int 		... 		4	24	... 	
t5	 int 		... 		4	28	... 	
t6	 int 		... 		4	32	... 	
t7	 int 		... 		4	36	... 	
t8	 int 		... 		4	40	... 	
t9	 int 		... 		4	44	... 	
t10	 ptr int 		... 		4	48	... 	
p	 ptr int 				4	52	... 	
t11	 int 		... 		4	56	... 	
big2	 int 		0 		4	60	... 	
t12	 int 		... 		4	64	... 	
t13	 int 		... 		4	68	... 	
t14	 double 		... 		8	72	... 	
t15	 int 		... 		4	80	... 	
t16	 int 		... 		4	84	... 	
  0 : max : 
  1 : if x > y goto 4
  2 : goto 5
  3 : goto 9
  4 : goto 7
  5 : t0 = y
  6 : goto 9
  7 : t0 = x
  8 : goto 9
  9 : t1 = dbl2int(ans)
 10 : ans = t1
 11 : return ans
 12 : main : 
 13 : t2 = 1
 14 : t3 = a << t2
 15 : a = t3
 16 : t4 = 10
 17 : if a > t4 goto 19
 18 : goto 26
 19 : t5 = 0
 20 : if b == t5 goto 23
 21 : goto 26
 22 : goto 28
 23 : t6 = 0
 24 : a = t6
 25 : goto 28
 26 : t7 = 1
 27 : a = t7
 28 : t8 = 3
 29 : goto 33
 30 : t9 = 1
 31 : b = t9
 32 : goto 35
 33 : if t8 == 0 goto 35
 34 : goto 30
 35 : t10 = & a
 36 : p = t10
 37 : t11 = * p
 38 : big2 = t11
 39 : t12 = 2
 40 : t13 = b / t12
 41 : param a
 42 : param t13
 43 : t14 = call max, 2
 44 : t15 = dbl2int(t14)
 45 : big = t15
 46 : t16 = 0
 47 : return t16
