Global Symbol Table : 
main	 function 		... 		0	0	retVal 	
main Symbol table :  
retVal	 int 		... 		4	0	... 	
t0	 int 		... 		4	4	... 	
x	 int 		5 		4	8	... 	
t1	 int 		... 		4	12	... 	
y	 int 		10 		4	16	... 	
t2	 int 		... 		4	20	... 	
z	 int 		0 		4	24	... 	
t3	 int 		... 		4	28	... 	
a	 int 		0 		4	32	... 	
t4	 double 		... 		8	36	... 	
b	 double 		10 		8	44	... 	
t5	 double 		... 		8	52	... 	
t6	 double 		... 		8	60	... 	
ans	 double 		0 		8	68	... 	
t7	 double 		... 		8	76	... 	
t8	 double 		... 		8	84	... 	
ans2	 int 		0 		4	92	... 	
t9	 int 		... 		4	96	... 	
mod	 int 		0 		4	100	... 	
t10	 int 		... 		4	104	... 	
div	 int 		0 		4	108	... 	
t11	 double 		... 		8	112	... 	
t12	 double 		... 		8	120	... 	
dif	 double 		0 		8	128	... 	
t13	 int 		... 		4	136	... 	
t14	 int 		... 		4	140	... 	
t15	 int 		... 		4	144	... 	
t16	 int 		... 		4	148	... 	
t17	 int 		... 		4	152	... 	
  0 : main : 
  1 : t0 = 5
  2 : x = t0
  3 : t1 = 10
  4 : y = t1
  5 : t2 = x + y
  6 : z = t2
  7 : t3 = x * y
  8 : a = t3
  9 : t4 = 10.000000
 10 : b = t4
 11 : t5 = int2dbl(x)
 12 : t6 = b + t5
 13 : ans = t6
 14 : t7 = int2dbl(x)
 15 : t8 = b * t7
 16 : ans2 = t8
 17 : t9 = y % x
 18 : mod = t9
 19 : t10 = y / x
 20 : div = t10
 21 : t11 = int2dbl(x)
 22 : t12 = b - t11
 23 : dif = t12
 24 : t13 = x
 25 : x = x + 1
 26 : y = y - 1
 27 : t14 = y
 28 : t15 = - x
 29 : t16 = dbl2int(b)
 30 : b = t16
 31 : t17 = 0
 32 : return t17
