Global Symbol Table : 
main	 function 		... 		0	0	retVal 	
add	 function 		... 		0	0	a 	
main Symbol table :  
retVal	 int 		... 		4	0	... 	
z	 int 		... 		4	4	... 	
x	 int 		... 		4	8	... 	
i	 int 		... 		4	12	... 	
y	 double 		... 		8	16	... 	
t3	 int 		... 		4	24	... 	
t4	 int 		... 		4	28	... 	
ar1	 Matrix(5, 10, double)		...		400+8	32	... 	
t5	 int 		... 		4	440	... 	
t6	 int 		... 		4	444	... 	
t7	 double 		... 		8	448	... 	
t8	 double 		... 		8	456	... 	
t9	 double 		... 		8	464	... 	
t10	 double 		... 		8	472	... 	
t11	 double 		... 		8	480	... 	
t12	 double 		... 		8	488	... 	
t13	 double 		... 		8	496	... 	
t14	 double 		... 		8	504	... 	
t15	 double 		... 		8	512	... 	
t16	 double 		... 		8	520	... 	
ar2	 Matrix(5, 10, double)		{1, 2.9, 3.5, 4.5, 5.2, 6.3, 7.4, 8.5, 9.2, 10.1} 		400+8	528	... 	
t17	 int 		... 		4	936	... 	
t18	 int 		... 		4	940	... 	
t19	 double 		... 		8	944	... 	
t20	 double 		... 		8	952	... 	
t21	 double 		... 		8	960	... 	
t22	 double 		... 		8	968	... 	
t23	 double 		... 		8	976	... 	
t24	 double 		... 		8	984	... 	
ar4	 Matrix(2, 3, double)		{2.3, 4.4, 5.5; 1.3, 7.7, 8.7} 		48+8	992	... 	
t25	 int 		... 		4	1048	... 	
t26	 int 		... 		4	1052	... 	
t27	 int 		... 		4	1056	... 	
t28	 int 		... 		4	1060	... 	
t29	 int 		... 		4	1064	... 	
t30	 int 		... 		4	1068	... 	
t31	 double 		... 		8	1072	... 	
t32	 int 		... 		4	1080	... 	
t33	 int 		... 		4	1084	... 	
t34	 int 		... 		4	1088	... 	
t35	 int 		... 		4	1092	... 	
t36	 int 		... 		4	1096	... 	
t37	 double 		... 		8	1100	... 	
t38	 double 		... 		8	1108	... 	
t39	 double 		... 		8	1116	... 	
t40	 int 		... 		4	1124	... 	
t41	 int 		... 		4	1128	... 	
t42	 int 		... 		4	1132	... 	
t43	 int 		... 		4	1136	... 	
t44	 int 		... 		4	1140	... 	
t45	 double 		... 		8	1144	... 	
t46	 int 		... 		4	1152	... 	
t47	 int 		... 		4	1156	... 	
t48	 int 		... 		4	1160	... 	
t49	 int 		... 		4	1164	... 	
t50	 int 		... 		4	1168	... 	
t51	 int 		... 		4	1172	... 	
t52	 double 		... 		8	1176	... 	
t53	 double 		... 		8	1184	... 	
t54	 int 		... 		4	1192	... 	
t55	 int 		... 		4	1196	... 	
t56	 Matrix(10, 5, double)		...		400+8	1200	... 	
ar3	 Matrix(10, 5, double)		...		400+8	1608	... 	
t57	 int 		... 		4	2016	... 	
t58	 int 		... 		4	2020	... 	
t59	 int 		... 		4	2024	... 	
t60	 int 		... 		4	2028	... 	
t61	 int 		... 		4	2032	... 	
t62	 double 		... 		8	2036	... 	
xz	 double 		0 		8	2044	... 	
t63	 int 		... 		4	2052	... 	
t64	 int 		... 		4	2056	... 	
t65	 int 		... 		4	2060	... 	
t66	 int 		... 		4	2064	... 	
t67	 int 		... 		4	2068	... 	
t68	 int 		... 		4	2072	... 	
t69	 int 		... 		4	2076	... 	
t70	 int 		... 		4	2080	... 	
add Symbol table :  
a	 int 		... 		4	0	... 	
b	 double 		... 		8	4	... 	
retVal	 int 		... 		4	12	... 	
c	 int 		... 		4	16	... 	
t0	 double 		... 		8	20	... 	
t1	 double 		... 		8	28	... 	
t2	 int 		... 		4	36	... 	
  0 : add : 
  1 : t0 = int2dbl(a)
  2 : t1 = t0 + b
  3 : t2 = dbl2int(t1)
  4 : c = t2
  5 : return c
  6 : main : 
  7 : t3 = 5
  8 : t4 = 10
  9 : t5 = 5
 10 : t6 = 10
 11 : t7 = 1.000000
 12 : t8 = 2.900000
 13 : t9 = 3.500000
 14 : t10 = 4.500000
 15 : t11 = 5.200000
 16 : t12 = 6.300000
 17 : t13 = 7.400000
 18 : t14 = 8.500000
 19 : t15 = 9.200000
 20 : t16 = 10.100000
 21 : ar2 = t16
 22 : t17 = 2
 23 : t18 = 3
 24 : t19 = 2.300000
 25 : t20 = 4.400000
 26 : t21 = 5.500000
 27 : t22 = 1.300000
 28 : t23 = 7.700000
 29 : t24 = 8.700000
 30 : ar4 = t24
 31 : param x
 32 : param y
 33 : t25 = call add, 2
 34 : z = t25
 35 : t26 = 5
 36 : t27 = t26 * 8
 37 : t28 = 5
 38 : t29 = t28 * 8
 39 : t30 = t27 + t29
 40 : t31 = ar2[t30]
 41 : t32 = 2
 42 : t33 = t32 * 8
 43 : t34 = 3
 44 : t35 = t34 * 8
 45 : t36 = t33 + t35
 46 : t37 = ar1[t36]
 47 : t38 = int2dbl(z)
 48 : t39 = t37 + t38
 49 : ar2[t30] = t39
 50 : t40 = 5
 51 : t41 = t40 * 8
 52 : t42 = 5
 53 : t43 = t42 * 8
 54 : t44 = t41 + t43
 55 : t45 = ar2[t44]
 56 : t46 = dbl2int(t45)
 57 : z = t46
 58 : t47 = 5
 59 : t48 = t47 * 8
 60 : t49 = 5
 61 : t50 = t49 * 8
 62 : t51 = t48 + t50
 63 : t52 = ar2[t51]
 64 : t53 = t53 - 1
 65 : t52 = t53
 66 : t54 = 10
 67 : t55 = 5
 68 : t56 = ar2 .' 
 69 : ar3 = t56
 70 : t57 = 1
 71 : t58 = t57 * 8
 72 : t59 = 1
 73 : t60 = t59 * 8
 74 : t61 = t58 + t60
 75 : t62 = ar3[t61]
 76 : xz = t62
 77 : t63 = 1
 78 : i = t63
 79 : if i <= z goto 85
 80 : goto 103
 81 : goto 103
 82 : t64 = i
 83 : i = i + 1
 84 : goto 79
 85 : t65 = 5
 86 : if z >= t65 goto 89
 87 : goto 92
 88 : goto 92
 89 : t66 = z
 90 : z = z - 1
 91 : goto 92
 92 : if z <= x goto 85
 93 : goto 95
 94 : goto 95
 95 : t67 = 5
 96 : if z <= t67 goto 99
 97 : goto 82
 98 : goto 102
 99 : t68 = x
100 : x = x + 1
101 : goto 95
102 : goto 82
103 : i = i - 1
104 : t69 = i
105 : i = i + 1
106 : t70 = i
107 : return z
