Global Symbol Table : 
func	 function 		... 		0	0	i 	
main	 function 		... 		0	0	retVal 	
func Symbol table :  
i	 double 		... 		8	0	... 	
d	 double 		... 		8	8	... 	
retVal	 void 		... 		0	16	... 	
c	 char 		... 		1	16	... 	
t0	 int 		... 		4	17	... 	
z	 int 		0 		4	21	... 	
t1	 int 		... 		4	25	... 	
a	 int 		0 		4	29	... 	
t2	 int 		... 		4	33	... 	
b	 int 		0 		4	37	... 	
t3	 int 		... 		4	41	... 	
t4	 int 		... 		4	45	... 	
t5	 int 		... 		4	49	... 	
t6	 int 		... 		4	53	... 	
t7	 int 		... 		4	57	... 	
main Symbol table :  
retVal	 int 		... 		4	0	... 	
t8	 int 		... 		4	4	... 	
a	 int 		4 		4	8	... 	
p	 ptr int 		... 		4	12	... 	
b	 int 		... 		4	16	... 	
t9	 double 		... 		8	20	... 	
d	 double 		2.3 		8	28	... 	
i	 int 		... 		4	36	... 	
t10	 void 		... 		0	40	... 	
t11	 int 		... 		4	40	... 	
  0 : func : 
  1 : t0 = 2
  2 : z = t0
  3 : t1 = 2
  4 : a = t1
  5 : t2 = 2
  6 : b = t2
  7 : t3 = 6
  8 : i = i
  9 : t4 = 4
 10 : if a > t4 goto 13
 11 : goto 15
 12 : goto 20
 13 : t5 = 4
 14 : goto 18
 15 : t6 = 6
 16 : t7 = t6
 17 : goto 20
 18 : t7 = t5
 19 : goto 20
 20 : z = t7
 21 : main : 
 22 : t8 = 4
 23 : a = t8
 24 : t9 = 2.300000
 25 : d = t9
 26 : param i
 27 : param d
 28 : t10 = call func, 2
 29 : t11 = 0
 30 : return t11
