Oh no
Hai
Hai
Hai
Updated size
Updated size
Global Symbol Table : 
main	 function 		... 		0	0	retVal 	
main Symbol table :  
retVal	 int 		... 		4	0	... 	
t0	 int 		... 		4	4	... 	
a	 int 		5 		4	8	... 	
t1	 int 		... 		4	12	... 	
  0 : main : 
  1 : t0 = 5
  2 : a = t0
  3 : t1 = 0
  4 : return t1
Hai
0
retVal
1
t0
1
a
1
t1
Update done
**** Now printing update symbol tables *****
Global Symbol Table : 
main	 function 		... 		0	0	retVal 	
main Symbol table :  
retVal	 int 		... 		4	0	... 	
t0	 int 		... 		4	-4	... 	
a	 int 		5 		4	-8	... 	
t1	 int 		... 		4	-12	... 	
Modiji is awesome 
Modiji is awesome 
Modiji is awesome 
Labels generated
Haww
0	...
1	...
2	...
3	...
4	...
	.text
Update global done 
In the translator 5
Symbol table size = 12
	.globl	main
	.type	main, @function
main:
	pushq	%rbp
	movq	%rsp, %rbp
	subq	$12, %rsp
	movl	$5, %eax
-4
	movq	%rax, -4(%rbp)
0
	movq	0(%rbp), %rax
8
	movq	%rax, 8(%rbp)
	movl	$0, %eax
-12
	movq	%rax, -12(%rbp)
	movq	-12(%rbp), %rbx
	leave
	ret
	.size	main, .-main
